<?xml version="1.0" encoding="UTF-8"?>
<!-- Generated by org.testng.reporters.JUnitReportReporter -->
<testsuite skipped="7" hostname="DESKTOP-OATGVE3" name="page.NewCustomerRegistration" tests="33" failures="0" timestamp="21 Feb 2022 05:00:35 GMT" time="75.451" errors="0">
  <testcase name="TC01_login" time="16.920" classname="page.NewCustomerRegistration"/>
  <testcase name="TC02_verifyLogoAndPageTitle" time="0.312" classname="page.NewCustomerRegistration"/>
  <testcase name="TC03_verifyCRAndCustomerValidationTabs" time="0.283" classname="page.NewCustomerRegistration"/>
  <testcase name="TC04_verifyCRTabIsSelected" time="0.239" classname="page.NewCustomerRegistration"/>
  <testcase name="TC05_verifyPresenceOfAllFields" time="1.298" classname="page.NewCustomerRegistration"/>
  <testcase name="TC06_CustomerRegistrationForUS" time="5.509" classname="page.NewCustomerRegistration"/>
  <testcase name="TC07_CustomerRegistrationForAF" time="7.662" classname="page.NewCustomerRegistration"/>
  <testcase name="TC08_CustomerRegistrationForRU" time="8.895" classname="page.NewCustomerRegistration"/>
  <testcase name="TC22_verifyZipCodeIsMandatoryAndElementType" time="0.280" classname="page.NewCustomerRegistration"/>
  <testcase name="TC17_verifyFieldsMandatoryToFillForRegistration" time="0.979" classname="page.NewCustomerRegistration"/>
  <testcase name="TC19_verifyUSAsDefaultCountry" time="0.207" classname="page.NewCustomerRegistration"/>
  <testcase name="TC18_verifyCountryIsMandatoryAndElementType" time="0.885" classname="page.NewCustomerRegistration"/>
  <testcase name="TC20_verifyStateIsMandatoryAndElementType" time="0.212" classname="page.NewCustomerRegistration"/>
  <testcase name="TC21_verifyCityIsMandatoryAndElementType" time="0.222" classname="page.NewCustomerRegistration"/>
  <testcase name="TC23_verifyWebDomainIsMandatoryAndElementType" time="0.271" classname="page.NewCustomerRegistration"/>
  <testcase name="TC24_verifyPrimaryIndustryIsMandatoryAndElementType" time="0.770" classname="page.NewCustomerRegistration"/>
  <testcase name="TC25_verifyCustomerCompanyNameIsMandatoryAndElementType" time="0.232" classname="page.NewCustomerRegistration"/>
  <testcase name="TC26_verifyAddress1IsMandatoryAndElementType" time="0.265" classname="page.NewCustomerRegistration"/>
  <testcase name="TC27_verifySegmentationIsMandatoryAndElementType" time="0.737" classname="page.NewCustomerRegistration"/>
  <testcase name="TC28_verifyIdentificationTypeIsMandatoryAndElementType" time="2.574" classname="page.NewCustomerRegistration"/>
  <testcase name="TC29_verifyIdentificationNumberIsMandatoryAndElementType" time="0.226" classname="page.NewCustomerRegistration"/>
  <testcase name="TC30_verifyErrorForInvalidCity" time="10.314" classname="page.NewCustomerRegistration"/>
  <testcase name="TC31_verifyErrorForInvalidPostalCode" time="3.670" classname="page.NewCustomerRegistration"/>
  <testcase name="TC32_erifyErrorForIncorrectPostalCode" time="4.091" classname="page.NewCustomerRegistration"/>
  <testcase name="TC33_verifyErrorForInvalidCustomerCompanyName" time="4.077" classname="page.NewCustomerRegistration"/>
  <testcase name="TC09_verifyResetFunctionality" time="4.321" classname="page.NewCustomerRegistration"/>
  <testcase name="TC12_verifyIdentificationNumberTooltipText" classname="page.NewCustomerRegistration">
    <skipped/>
  </testcase> <!-- TC12_verifyIdentificationNumberTooltipText -->
  <testcase name="TC10_verifyWebDomainTooltipText" classname="page.NewCustomerRegistration">
    <skipped/>
  </testcase> <!-- TC10_verifyWebDomainTooltipText -->
  <testcase name="TC16_verifyReferenceGIDTooltipText" classname="page.NewCustomerRegistration">
    <skipped/>
  </testcase> <!-- TC16_verifyReferenceGIDTooltipText -->
  <testcase name="TC11_verifyIdentificationTypeTooltipText" classname="page.NewCustomerRegistration">
    <skipped/>
  </testcase> <!-- TC11_verifyIdentificationTypeTooltipText -->
  <testcase name="TC15_verifySegmentationTooltipText" classname="page.NewCustomerRegistration">
    <skipped/>
  </testcase> <!-- TC15_verifySegmentationTooltipText -->
  <testcase name="TC13_verifyPrimaryIndustryTooltipText" classname="page.NewCustomerRegistration">
    <skipped/>
  </testcase> <!-- TC13_verifyPrimaryIndustryTooltipText -->
  <testcase name="TC14_verifyReferenceURLTooltipText" classname="page.NewCustomerRegistration">
    <skipped/>
  </testcase> <!-- TC14_verifyReferenceURLTooltipText -->
</testsuite> <!-- page.NewCustomerRegistration -->
