<?xml version="1.0" encoding="UTF-8"?>
<!-- Generated by org.testng.reporters.JUnitReportReporter -->
<testsuite hostname="MANORSAH-1VNNR" failures="0" tests="15" name="launchUrl_FF" time="40.696" errors="0" timestamp="15 Nov 2021 18:13:56 GMT" skipped="7">
  <testcase classname="launchUrl_FF" name="login" time="36.880"/>
  <testcase classname="launchUrl_FF" name="verifyLogoAndPageTitle" time="0.287"/>
  <testcase classname="launchUrl_FF" name="verifyCRAndCustomerValidationTabs" time="0.163"/>
  <testcase classname="launchUrl_FF" name="verifyCRTabIsSelected" time="0.061"/>
  <testcase classname="launchUrl_FF" name="verifyPresenceOfAllFields" time="1.629"/>
  <testcase classname="launchUrl_FF" name="verifyFieldsMandatoryToFillForRegistration" time="0.728"/>
  <testcase classname="launchUrl_FF" name="verifyUSAsDefaultCountry" time="0.024"/>
  <testcase classname="launchUrl_FF" name="verifyCountryIsMandatoryAndElementType" time="0.924"/>
  <testcase classname="launchUrl_FF" name="verifyIdentificationTypeTooltipText">
    <skipped/>
  </testcase> <!-- verifyIdentificationTypeTooltipText -->
  <testcase classname="launchUrl_FF" name="verifyReferenceURLTooltipText">
    <skipped/>
  </testcase> <!-- verifyReferenceURLTooltipText -->
  <testcase classname="launchUrl_FF" name="verifyIdentificationNumberTooltipText">
    <skipped/>
  </testcase> <!-- verifyIdentificationNumberTooltipText -->
  <testcase classname="launchUrl_FF" name="verifySegmentationTooltipText">
    <skipped/>
  </testcase> <!-- verifySegmentationTooltipText -->
  <testcase classname="launchUrl_FF" name="verifyPrimaryIndustryTooltipText">
    <skipped/>
  </testcase> <!-- verifyPrimaryIndustryTooltipText -->
  <testcase classname="launchUrl_FF" name="verifyReferenceGIDTooltipText">
    <skipped/>
  </testcase> <!-- verifyReferenceGIDTooltipText -->
  <testcase classname="launchUrl_FF" name="verifyWebDomainTooltipText">
    <skipped/>
  </testcase> <!-- verifyWebDomainTooltipText -->
</testsuite> <!-- launchUrl_FF -->
